C:\USERS\EILEEN MAZZOCHETTE\DOCUMENTS\VISUAL STUDIO 2010\PROJECTS\BEHAVIORRIG2.0\BEHAVIORRIG2.0\DEBUG\.NETFRAMEWORK,VERSION=V4.0.ASSEMBLYATTRIBUTES.OBJ
C:\USERS\EILEEN MAZZOCHETTE\DOCUMENTS\VISUAL STUDIO 2010\PROJECTS\BEHAVIORRIG2.0\BEHAVIORRIG2.0\DEBUG\APP.RES
C:\USERS\EILEEN MAZZOCHETTE\DOCUMENTS\VISUAL STUDIO 2010\PROJECTS\BEHAVIORRIG2.0\BEHAVIORRIG2.0\DEBUG\ASSEMBLYINFO.OBJ
C:\USERS\EILEEN MAZZOCHETTE\DOCUMENTS\VISUAL STUDIO 2010\PROJECTS\BEHAVIORRIG2.0\BEHAVIORRIG2.0\DEBUG\BASICEXCEL.OBJ
C:\USERS\EILEEN MAZZOCHETTE\DOCUMENTS\VISUAL STUDIO 2010\PROJECTS\BEHAVIORRIG2.0\BEHAVIORRIG2.0\DEBUG\BEHAVIORRIG2.0.EXE.INTERMEDIATE.MANIFEST
C:\USERS\EILEEN MAZZOCHETTE\DOCUMENTS\VISUAL STUDIO 2010\PROJECTS\BEHAVIORRIG2.0\BEHAVIORRIG2.0\DEBUG\BEHAVIORRIG2.0.OBJ
C:\USERS\EILEEN MAZZOCHETTE\DOCUMENTS\VISUAL STUDIO 2010\PROJECTS\BEHAVIORRIG2.0\BEHAVIORRIG2.0\DEBUG\BEHAVIORRIG2.0.PCH
C:\Users\Eileen Mazzochette\Documents\Visual Studio 2010\Projects\BehaviorRig2.0\BehaviorRig2.0\Debug\BehaviorRig2.0.vcxproj.GenerateResource.Cache
C:\Users\Eileen Mazzochette\Documents\Visual Studio 2010\Projects\BehaviorRig2.0\BehaviorRig2.0\Debug\BehaviorRig2.0.vcxprojResolveAssemblyReference.cache
C:\Users\Eileen Mazzochette\Documents\Visual Studio 2010\Projects\BehaviorRig2.0\BehaviorRig2.0\Debug\BehaviorRig2.0.write.1.tlog
C:\Users\Eileen Mazzochette\Documents\Visual Studio 2010\Projects\BehaviorRig2.0\BehaviorRig2.0\Debug\BehaviorRig20.MainForm.resources
C:\Users\Eileen Mazzochette\Documents\Visual Studio 2010\Projects\BehaviorRig2.0\BehaviorRig2.0\Debug\BehaviorRig20.PostExperimentForm.resources
C:\Users\Eileen Mazzochette\Documents\Visual Studio 2010\Projects\BehaviorRig2.0\BehaviorRig2.0\Debug\BehaviorRig20.SetUpForm.resources
C:\Users\Eileen Mazzochette\Documents\Visual Studio 2010\Projects\BehaviorRig2.0\BehaviorRig2.0\Debug\cl.command.1.tlog
C:\Users\Eileen Mazzochette\Documents\Visual Studio 2010\Projects\BehaviorRig2.0\BehaviorRig2.0\Debug\CL.read.1.tlog
C:\Users\Eileen Mazzochette\Documents\Visual Studio 2010\Projects\BehaviorRig2.0\BehaviorRig2.0\Debug\CL.write.1.tlog
C:\USERS\EILEEN MAZZOCHETTE\DOCUMENTS\VISUAL STUDIO 2010\PROJECTS\BEHAVIORRIG2.0\BEHAVIORRIG2.0\DEBUG\DATAMANAGEMENT.OBJ
C:\USERS\EILEEN MAZZOCHETTE\DOCUMENTS\VISUAL STUDIO 2010\PROJECTS\BEHAVIORRIG2.0\BEHAVIORRIG2.0\DEBUG\EXCELFORMAT.OBJ
C:\USERS\EILEEN MAZZOCHETTE\DOCUMENTS\VISUAL STUDIO 2010\PROJECTS\BEHAVIORRIG2.0\BEHAVIORRIG2.0\DEBUG\EXCELINTERFACE.OBJ
C:\USERS\EILEEN MAZZOCHETTE\DOCUMENTS\VISUAL STUDIO 2010\PROJECTS\BEHAVIORRIG2.0\BEHAVIORRIG2.0\DEBUG\EXPERIMENT.OBJ
C:\USERS\EILEEN MAZZOCHETTE\DOCUMENTS\VISUAL STUDIO 2010\PROJECTS\BEHAVIORRIG2.0\BEHAVIORRIG2.0\DEBUG\IMAGECONTROL.OBJ
C:\Users\Eileen Mazzochette\Documents\Visual Studio 2010\Projects\BehaviorRig2.0\BehaviorRig2.0\Debug\link.2544.read.1.tlog
C:\Users\Eileen Mazzochette\Documents\Visual Studio 2010\Projects\BehaviorRig2.0\BehaviorRig2.0\Debug\link.2544.write.1.tlog
C:\Users\Eileen Mazzochette\Documents\Visual Studio 2010\Projects\BehaviorRig2.0\BehaviorRig2.0\Debug\link.2544-cvtres.read.1.tlog
C:\Users\Eileen Mazzochette\Documents\Visual Studio 2010\Projects\BehaviorRig2.0\BehaviorRig2.0\Debug\link.2544-cvtres.write.1.tlog
C:\Users\Eileen Mazzochette\Documents\Visual Studio 2010\Projects\BehaviorRig2.0\BehaviorRig2.0\Debug\link.256.read.1.tlog
C:\Users\Eileen Mazzochette\Documents\Visual Studio 2010\Projects\BehaviorRig2.0\BehaviorRig2.0\Debug\link.256.write.1.tlog
C:\Users\Eileen Mazzochette\Documents\Visual Studio 2010\Projects\BehaviorRig2.0\BehaviorRig2.0\Debug\link.256-cvtres.read.1.tlog
C:\Users\Eileen Mazzochette\Documents\Visual Studio 2010\Projects\BehaviorRig2.0\BehaviorRig2.0\Debug\link.256-cvtres.write.1.tlog
C:\Users\Eileen Mazzochette\Documents\Visual Studio 2010\Projects\BehaviorRig2.0\BehaviorRig2.0\Debug\link.2600.read.1.tlog
C:\Users\Eileen Mazzochette\Documents\Visual Studio 2010\Projects\BehaviorRig2.0\BehaviorRig2.0\Debug\link.2600.write.1.tlog
C:\Users\Eileen Mazzochette\Documents\Visual Studio 2010\Projects\BehaviorRig2.0\BehaviorRig2.0\Debug\link.2600-cvtres.read.1.tlog
C:\Users\Eileen Mazzochette\Documents\Visual Studio 2010\Projects\BehaviorRig2.0\BehaviorRig2.0\Debug\link.2600-cvtres.write.1.tlog
C:\Users\Eileen Mazzochette\Documents\Visual Studio 2010\Projects\BehaviorRig2.0\BehaviorRig2.0\Debug\link.5084.read.1.tlog
C:\Users\Eileen Mazzochette\Documents\Visual Studio 2010\Projects\BehaviorRig2.0\BehaviorRig2.0\Debug\link.5084.write.1.tlog
C:\Users\Eileen Mazzochette\Documents\Visual Studio 2010\Projects\BehaviorRig2.0\BehaviorRig2.0\Debug\link.5084-cvtres.read.1.tlog
C:\Users\Eileen Mazzochette\Documents\Visual Studio 2010\Projects\BehaviorRig2.0\BehaviorRig2.0\Debug\link.5084-cvtres.write.1.tlog
C:\Users\Eileen Mazzochette\Documents\Visual Studio 2010\Projects\BehaviorRig2.0\BehaviorRig2.0\Debug\link.520.read.1.tlog
C:\Users\Eileen Mazzochette\Documents\Visual Studio 2010\Projects\BehaviorRig2.0\BehaviorRig2.0\Debug\link.520.write.1.tlog
C:\Users\Eileen Mazzochette\Documents\Visual Studio 2010\Projects\BehaviorRig2.0\BehaviorRig2.0\Debug\link.520-cvtres.read.1.tlog
C:\Users\Eileen Mazzochette\Documents\Visual Studio 2010\Projects\BehaviorRig2.0\BehaviorRig2.0\Debug\link.520-cvtres.write.1.tlog
C:\Users\Eileen Mazzochette\Documents\Visual Studio 2010\Projects\BehaviorRig2.0\BehaviorRig2.0\Debug\link.6180.read.1.tlog
C:\Users\Eileen Mazzochette\Documents\Visual Studio 2010\Projects\BehaviorRig2.0\BehaviorRig2.0\Debug\link.6180.write.1.tlog
C:\Users\Eileen Mazzochette\Documents\Visual Studio 2010\Projects\BehaviorRig2.0\BehaviorRig2.0\Debug\link.6180-cvtres.read.1.tlog
C:\Users\Eileen Mazzochette\Documents\Visual Studio 2010\Projects\BehaviorRig2.0\BehaviorRig2.0\Debug\link.6180-cvtres.write.1.tlog
C:\Users\Eileen Mazzochette\Documents\Visual Studio 2010\Projects\BehaviorRig2.0\BehaviorRig2.0\Debug\link.6936.read.1.tlog
C:\Users\Eileen Mazzochette\Documents\Visual Studio 2010\Projects\BehaviorRig2.0\BehaviorRig2.0\Debug\link.6936.write.1.tlog
C:\Users\Eileen Mazzochette\Documents\Visual Studio 2010\Projects\BehaviorRig2.0\BehaviorRig2.0\Debug\link.6936-cvtres.read.1.tlog
C:\Users\Eileen Mazzochette\Documents\Visual Studio 2010\Projects\BehaviorRig2.0\BehaviorRig2.0\Debug\link.6936-cvtres.write.1.tlog
C:\Users\Eileen Mazzochette\Documents\Visual Studio 2010\Projects\BehaviorRig2.0\BehaviorRig2.0\Debug\link.7176.read.1.tlog
C:\Users\Eileen Mazzochette\Documents\Visual Studio 2010\Projects\BehaviorRig2.0\BehaviorRig2.0\Debug\link.7176.write.1.tlog
C:\Users\Eileen Mazzochette\Documents\Visual Studio 2010\Projects\BehaviorRig2.0\BehaviorRig2.0\Debug\link.7176-cvtres.read.1.tlog
C:\Users\Eileen Mazzochette\Documents\Visual Studio 2010\Projects\BehaviorRig2.0\BehaviorRig2.0\Debug\link.7176-cvtres.write.1.tlog
C:\Users\Eileen Mazzochette\Documents\Visual Studio 2010\Projects\BehaviorRig2.0\BehaviorRig2.0\Debug\link.7180.read.1.tlog
C:\Users\Eileen Mazzochette\Documents\Visual Studio 2010\Projects\BehaviorRig2.0\BehaviorRig2.0\Debug\link.7180.write.1.tlog
C:\Users\Eileen Mazzochette\Documents\Visual Studio 2010\Projects\BehaviorRig2.0\BehaviorRig2.0\Debug\link.7180-cvtres.read.1.tlog
C:\Users\Eileen Mazzochette\Documents\Visual Studio 2010\Projects\BehaviorRig2.0\BehaviorRig2.0\Debug\link.7180-cvtres.write.1.tlog
C:\Users\Eileen Mazzochette\Documents\Visual Studio 2010\Projects\BehaviorRig2.0\BehaviorRig2.0\Debug\link.7240.read.1.tlog
C:\Users\Eileen Mazzochette\Documents\Visual Studio 2010\Projects\BehaviorRig2.0\BehaviorRig2.0\Debug\link.7240.write.1.tlog
C:\Users\Eileen Mazzochette\Documents\Visual Studio 2010\Projects\BehaviorRig2.0\BehaviorRig2.0\Debug\link.7240-cvtres.read.1.tlog
C:\Users\Eileen Mazzochette\Documents\Visual Studio 2010\Projects\BehaviorRig2.0\BehaviorRig2.0\Debug\link.7240-cvtres.write.1.tlog
C:\Users\Eileen Mazzochette\Documents\Visual Studio 2010\Projects\BehaviorRig2.0\BehaviorRig2.0\Debug\link.7248.read.1.tlog
C:\Users\Eileen Mazzochette\Documents\Visual Studio 2010\Projects\BehaviorRig2.0\BehaviorRig2.0\Debug\link.7248.write.1.tlog
C:\Users\Eileen Mazzochette\Documents\Visual Studio 2010\Projects\BehaviorRig2.0\BehaviorRig2.0\Debug\link.7248-cvtres.read.1.tlog
C:\Users\Eileen Mazzochette\Documents\Visual Studio 2010\Projects\BehaviorRig2.0\BehaviorRig2.0\Debug\link.7248-cvtres.write.1.tlog
C:\Users\Eileen Mazzochette\Documents\Visual Studio 2010\Projects\BehaviorRig2.0\BehaviorRig2.0\Debug\link.7320.read.1.tlog
C:\Users\Eileen Mazzochette\Documents\Visual Studio 2010\Projects\BehaviorRig2.0\BehaviorRig2.0\Debug\link.7320.write.1.tlog
C:\Users\Eileen Mazzochette\Documents\Visual Studio 2010\Projects\BehaviorRig2.0\BehaviorRig2.0\Debug\link.7320-cvtres.read.1.tlog
C:\Users\Eileen Mazzochette\Documents\Visual Studio 2010\Projects\BehaviorRig2.0\BehaviorRig2.0\Debug\link.7320-cvtres.write.1.tlog
C:\Users\Eileen Mazzochette\Documents\Visual Studio 2010\Projects\BehaviorRig2.0\BehaviorRig2.0\Debug\link.7328.read.1.tlog
C:\Users\Eileen Mazzochette\Documents\Visual Studio 2010\Projects\BehaviorRig2.0\BehaviorRig2.0\Debug\link.7328.write.1.tlog
C:\Users\Eileen Mazzochette\Documents\Visual Studio 2010\Projects\BehaviorRig2.0\BehaviorRig2.0\Debug\link.7328-cvtres.read.1.tlog
C:\Users\Eileen Mazzochette\Documents\Visual Studio 2010\Projects\BehaviorRig2.0\BehaviorRig2.0\Debug\link.7328-cvtres.write.1.tlog
C:\Users\Eileen Mazzochette\Documents\Visual Studio 2010\Projects\BehaviorRig2.0\BehaviorRig2.0\Debug\link.7396.read.1.tlog
C:\Users\Eileen Mazzochette\Documents\Visual Studio 2010\Projects\BehaviorRig2.0\BehaviorRig2.0\Debug\link.7396.write.1.tlog
C:\Users\Eileen Mazzochette\Documents\Visual Studio 2010\Projects\BehaviorRig2.0\BehaviorRig2.0\Debug\link.7396-cvtres.read.1.tlog
C:\Users\Eileen Mazzochette\Documents\Visual Studio 2010\Projects\BehaviorRig2.0\BehaviorRig2.0\Debug\link.7396-cvtres.write.1.tlog
C:\Users\Eileen Mazzochette\Documents\Visual Studio 2010\Projects\BehaviorRig2.0\BehaviorRig2.0\Debug\link.7472.read.1.tlog
C:\Users\Eileen Mazzochette\Documents\Visual Studio 2010\Projects\BehaviorRig2.0\BehaviorRig2.0\Debug\link.7472.write.1.tlog
C:\Users\Eileen Mazzochette\Documents\Visual Studio 2010\Projects\BehaviorRig2.0\BehaviorRig2.0\Debug\link.7472-cvtres.read.1.tlog
C:\Users\Eileen Mazzochette\Documents\Visual Studio 2010\Projects\BehaviorRig2.0\BehaviorRig2.0\Debug\link.7472-cvtres.write.1.tlog
C:\Users\Eileen Mazzochette\Documents\Visual Studio 2010\Projects\BehaviorRig2.0\BehaviorRig2.0\Debug\link.7636.read.1.tlog
C:\Users\Eileen Mazzochette\Documents\Visual Studio 2010\Projects\BehaviorRig2.0\BehaviorRig2.0\Debug\link.7636.write.1.tlog
C:\Users\Eileen Mazzochette\Documents\Visual Studio 2010\Projects\BehaviorRig2.0\BehaviorRig2.0\Debug\link.7636-cvtres.read.1.tlog
C:\Users\Eileen Mazzochette\Documents\Visual Studio 2010\Projects\BehaviorRig2.0\BehaviorRig2.0\Debug\link.7636-cvtres.write.1.tlog
C:\Users\Eileen Mazzochette\Documents\Visual Studio 2010\Projects\BehaviorRig2.0\BehaviorRig2.0\Debug\link.7692.read.1.tlog
C:\Users\Eileen Mazzochette\Documents\Visual Studio 2010\Projects\BehaviorRig2.0\BehaviorRig2.0\Debug\link.7692.write.1.tlog
C:\Users\Eileen Mazzochette\Documents\Visual Studio 2010\Projects\BehaviorRig2.0\BehaviorRig2.0\Debug\link.7692-cvtres.read.1.tlog
C:\Users\Eileen Mazzochette\Documents\Visual Studio 2010\Projects\BehaviorRig2.0\BehaviorRig2.0\Debug\link.7692-cvtres.write.1.tlog
C:\Users\Eileen Mazzochette\Documents\Visual Studio 2010\Projects\BehaviorRig2.0\BehaviorRig2.0\Debug\link.7952.read.1.tlog
C:\Users\Eileen Mazzochette\Documents\Visual Studio 2010\Projects\BehaviorRig2.0\BehaviorRig2.0\Debug\link.7952.write.1.tlog
C:\Users\Eileen Mazzochette\Documents\Visual Studio 2010\Projects\BehaviorRig2.0\BehaviorRig2.0\Debug\link.7952-cvtres.read.1.tlog
C:\Users\Eileen Mazzochette\Documents\Visual Studio 2010\Projects\BehaviorRig2.0\BehaviorRig2.0\Debug\link.7952-cvtres.write.1.tlog
C:\Users\Eileen Mazzochette\Documents\Visual Studio 2010\Projects\BehaviorRig2.0\BehaviorRig2.0\Debug\link.7972.read.1.tlog
C:\Users\Eileen Mazzochette\Documents\Visual Studio 2010\Projects\BehaviorRig2.0\BehaviorRig2.0\Debug\link.7972.write.1.tlog
C:\Users\Eileen Mazzochette\Documents\Visual Studio 2010\Projects\BehaviorRig2.0\BehaviorRig2.0\Debug\link.7972-cvtres.read.1.tlog
C:\Users\Eileen Mazzochette\Documents\Visual Studio 2010\Projects\BehaviorRig2.0\BehaviorRig2.0\Debug\link.7972-cvtres.write.1.tlog
C:\Users\Eileen Mazzochette\Documents\Visual Studio 2010\Projects\BehaviorRig2.0\BehaviorRig2.0\Debug\link.8032.read.1.tlog
C:\Users\Eileen Mazzochette\Documents\Visual Studio 2010\Projects\BehaviorRig2.0\BehaviorRig2.0\Debug\link.8032.write.1.tlog
C:\Users\Eileen Mazzochette\Documents\Visual Studio 2010\Projects\BehaviorRig2.0\BehaviorRig2.0\Debug\link.8032-cvtres.read.1.tlog
C:\Users\Eileen Mazzochette\Documents\Visual Studio 2010\Projects\BehaviorRig2.0\BehaviorRig2.0\Debug\link.8032-cvtres.write.1.tlog
C:\Users\Eileen Mazzochette\Documents\Visual Studio 2010\Projects\BehaviorRig2.0\BehaviorRig2.0\Debug\link.8292.read.1.tlog
C:\Users\Eileen Mazzochette\Documents\Visual Studio 2010\Projects\BehaviorRig2.0\BehaviorRig2.0\Debug\link.8292.write.1.tlog
C:\Users\Eileen Mazzochette\Documents\Visual Studio 2010\Projects\BehaviorRig2.0\BehaviorRig2.0\Debug\link.8292-cvtres.read.1.tlog
C:\Users\Eileen Mazzochette\Documents\Visual Studio 2010\Projects\BehaviorRig2.0\BehaviorRig2.0\Debug\link.8292-cvtres.write.1.tlog
C:\Users\Eileen Mazzochette\Documents\Visual Studio 2010\Projects\BehaviorRig2.0\BehaviorRig2.0\Debug\link.8348.read.1.tlog
C:\Users\Eileen Mazzochette\Documents\Visual Studio 2010\Projects\BehaviorRig2.0\BehaviorRig2.0\Debug\link.8348.write.1.tlog
C:\Users\Eileen Mazzochette\Documents\Visual Studio 2010\Projects\BehaviorRig2.0\BehaviorRig2.0\Debug\link.8348-cvtres.read.1.tlog
C:\Users\Eileen Mazzochette\Documents\Visual Studio 2010\Projects\BehaviorRig2.0\BehaviorRig2.0\Debug\link.8348-cvtres.write.1.tlog
C:\Users\Eileen Mazzochette\Documents\Visual Studio 2010\Projects\BehaviorRig2.0\BehaviorRig2.0\Debug\link.8412.read.1.tlog
C:\Users\Eileen Mazzochette\Documents\Visual Studio 2010\Projects\BehaviorRig2.0\BehaviorRig2.0\Debug\link.8412.write.1.tlog
C:\Users\Eileen Mazzochette\Documents\Visual Studio 2010\Projects\BehaviorRig2.0\BehaviorRig2.0\Debug\link.8412-cvtres.read.1.tlog
C:\Users\Eileen Mazzochette\Documents\Visual Studio 2010\Projects\BehaviorRig2.0\BehaviorRig2.0\Debug\link.8412-cvtres.write.1.tlog
C:\Users\Eileen Mazzochette\Documents\Visual Studio 2010\Projects\BehaviorRig2.0\BehaviorRig2.0\Debug\link.8440.read.1.tlog
C:\Users\Eileen Mazzochette\Documents\Visual Studio 2010\Projects\BehaviorRig2.0\BehaviorRig2.0\Debug\link.8440.write.1.tlog
C:\Users\Eileen Mazzochette\Documents\Visual Studio 2010\Projects\BehaviorRig2.0\BehaviorRig2.0\Debug\link.8440-cvtres.read.1.tlog
C:\Users\Eileen Mazzochette\Documents\Visual Studio 2010\Projects\BehaviorRig2.0\BehaviorRig2.0\Debug\link.8440-cvtres.write.1.tlog
C:\Users\Eileen Mazzochette\Documents\Visual Studio 2010\Projects\BehaviorRig2.0\BehaviorRig2.0\Debug\link.8568.read.1.tlog
C:\Users\Eileen Mazzochette\Documents\Visual Studio 2010\Projects\BehaviorRig2.0\BehaviorRig2.0\Debug\link.8568.write.1.tlog
C:\Users\Eileen Mazzochette\Documents\Visual Studio 2010\Projects\BehaviorRig2.0\BehaviorRig2.0\Debug\link.8568-cvtres.read.1.tlog
C:\Users\Eileen Mazzochette\Documents\Visual Studio 2010\Projects\BehaviorRig2.0\BehaviorRig2.0\Debug\link.8568-cvtres.write.1.tlog
C:\Users\Eileen Mazzochette\Documents\Visual Studio 2010\Projects\BehaviorRig2.0\BehaviorRig2.0\Debug\link.8824.read.1.tlog
C:\Users\Eileen Mazzochette\Documents\Visual Studio 2010\Projects\BehaviorRig2.0\BehaviorRig2.0\Debug\link.8824.write.1.tlog
C:\Users\Eileen Mazzochette\Documents\Visual Studio 2010\Projects\BehaviorRig2.0\BehaviorRig2.0\Debug\link.8824-cvtres.read.1.tlog
C:\Users\Eileen Mazzochette\Documents\Visual Studio 2010\Projects\BehaviorRig2.0\BehaviorRig2.0\Debug\link.8824-cvtres.write.1.tlog
C:\Users\Eileen Mazzochette\Documents\Visual Studio 2010\Projects\BehaviorRig2.0\BehaviorRig2.0\Debug\link.8868.read.1.tlog
C:\Users\Eileen Mazzochette\Documents\Visual Studio 2010\Projects\BehaviorRig2.0\BehaviorRig2.0\Debug\link.8868.write.1.tlog
C:\Users\Eileen Mazzochette\Documents\Visual Studio 2010\Projects\BehaviorRig2.0\BehaviorRig2.0\Debug\link.8868-cvtres.read.1.tlog
C:\Users\Eileen Mazzochette\Documents\Visual Studio 2010\Projects\BehaviorRig2.0\BehaviorRig2.0\Debug\link.8868-cvtres.write.1.tlog
C:\Users\Eileen Mazzochette\Documents\Visual Studio 2010\Projects\BehaviorRig2.0\BehaviorRig2.0\Debug\link.8892.read.1.tlog
C:\Users\Eileen Mazzochette\Documents\Visual Studio 2010\Projects\BehaviorRig2.0\BehaviorRig2.0\Debug\link.8892.write.1.tlog
C:\Users\Eileen Mazzochette\Documents\Visual Studio 2010\Projects\BehaviorRig2.0\BehaviorRig2.0\Debug\link.8892-cvtres.read.1.tlog
C:\Users\Eileen Mazzochette\Documents\Visual Studio 2010\Projects\BehaviorRig2.0\BehaviorRig2.0\Debug\link.8892-cvtres.write.1.tlog
C:\Users\Eileen Mazzochette\Documents\Visual Studio 2010\Projects\BehaviorRig2.0\BehaviorRig2.0\Debug\link.8940.read.1.tlog
C:\Users\Eileen Mazzochette\Documents\Visual Studio 2010\Projects\BehaviorRig2.0\BehaviorRig2.0\Debug\link.8940.write.1.tlog
C:\Users\Eileen Mazzochette\Documents\Visual Studio 2010\Projects\BehaviorRig2.0\BehaviorRig2.0\Debug\link.8940-cvtres.read.1.tlog
C:\Users\Eileen Mazzochette\Documents\Visual Studio 2010\Projects\BehaviorRig2.0\BehaviorRig2.0\Debug\link.8940-cvtres.write.1.tlog
C:\Users\Eileen Mazzochette\Documents\Visual Studio 2010\Projects\BehaviorRig2.0\BehaviorRig2.0\Debug\link.command.1.tlog
C:\Users\Eileen Mazzochette\Documents\Visual Studio 2010\Projects\BehaviorRig2.0\BehaviorRig2.0\Debug\link.read.1.tlog
C:\Users\Eileen Mazzochette\Documents\Visual Studio 2010\Projects\BehaviorRig2.0\BehaviorRig2.0\Debug\link.write.1.tlog
C:\Users\Eileen Mazzochette\Documents\Visual Studio 2010\Projects\BehaviorRig2.0\BehaviorRig2.0\Debug\metagen.read.1.tlog
C:\Users\Eileen Mazzochette\Documents\Visual Studio 2010\Projects\BehaviorRig2.0\BehaviorRig2.0\Debug\metagen.write.1.tlog
C:\Users\Eileen Mazzochette\Documents\Visual Studio 2010\Projects\BehaviorRig2.0\BehaviorRig2.0\Debug\mt.command.1.tlog
C:\Users\Eileen Mazzochette\Documents\Visual Studio 2010\Projects\BehaviorRig2.0\BehaviorRig2.0\Debug\mt.read.1.tlog
C:\Users\Eileen Mazzochette\Documents\Visual Studio 2010\Projects\BehaviorRig2.0\BehaviorRig2.0\Debug\mt.write.1.tlog
C:\USERS\EILEEN MAZZOCHETTE\DOCUMENTS\VISUAL STUDIO 2010\PROJECTS\BEHAVIORRIG2.0\BEHAVIORRIG2.0\DEBUG\POSTEXPERIMENTFORM.OBJ
C:\Users\Eileen Mazzochette\Documents\Visual Studio 2010\Projects\BehaviorRig2.0\BehaviorRig2.0\Debug\rc.command.1.tlog
C:\Users\Eileen Mazzochette\Documents\Visual Studio 2010\Projects\BehaviorRig2.0\BehaviorRig2.0\Debug\rc.read.1.tlog
C:\Users\Eileen Mazzochette\Documents\Visual Studio 2010\Projects\BehaviorRig2.0\BehaviorRig2.0\Debug\rc.write.1.tlog
C:\Users\Eileen Mazzochette\Documents\Visual Studio 2010\Projects\BehaviorRig2.0\BehaviorRig2.0\Debug\RSAENH.DLL.bi
C:\USERS\EILEEN MAZZOCHETTE\DOCUMENTS\VISUAL STUDIO 2010\PROJECTS\BEHAVIORRIG2.0\BEHAVIORRIG2.0\DEBUG\SETUPFORM.OBJ
C:\USERS\EILEEN MAZZOCHETTE\DOCUMENTS\VISUAL STUDIO 2010\PROJECTS\BEHAVIORRIG2.0\BEHAVIORRIG2.0\DEBUG\STDAFX.OBJ
C:\USERS\EILEEN MAZZOCHETTE\DOCUMENTS\VISUAL STUDIO 2010\PROJECTS\BEHAVIORRIG2.0\BEHAVIORRIG2.0\DEBUG\STIMULUS.OBJ
C:\USERS\EILEEN MAZZOCHETTE\DOCUMENTS\VISUAL STUDIO 2010\PROJECTS\BEHAVIORRIG2.0\BEHAVIORRIG2.0\DEBUG\STM CONVERT.OBJ
C:\USERS\EILEEN MAZZOCHETTE\DOCUMENTS\VISUAL STUDIO 2010\PROJECTS\BEHAVIORRIG2.0\BEHAVIORRIG2.0\DEBUG\STM_COMMUNICATOR.OBJ
C:\USERS\EILEEN MAZZOCHETTE\DOCUMENTS\VISUAL STUDIO 2010\PROJECTS\BEHAVIORRIG2.0\BEHAVIORRIG2.0\DEBUG\STMDISPATCH.OBJ
C:\USERS\EILEEN MAZZOCHETTE\DOCUMENTS\VISUAL STUDIO 2010\PROJECTS\BEHAVIORRIG2.0\BEHAVIORRIG2.0\DEBUG\STMSESSION.OBJ
C:\USERS\EILEEN MAZZOCHETTE\DOCUMENTS\VISUAL STUDIO 2010\PROJECTS\BEHAVIORRIG2.0\BEHAVIORRIG2.0\DEBUG\TICTOC.OBJ
C:\USERS\EILEEN MAZZOCHETTE\DOCUMENTS\VISUAL STUDIO 2010\PROJECTS\BEHAVIORRIG2.0\BEHAVIORRIG2.0\DEBUG\TIMING.OBJ
C:\Users\Eileen Mazzochette\Documents\Visual Studio 2010\Projects\BehaviorRig2.0\BehaviorRig2.0\Debug\TZRES.DLL.bi
C:\USERS\EILEEN MAZZOCHETTE\DOCUMENTS\VISUAL STUDIO 2010\PROJECTS\BEHAVIORRIG2.0\BEHAVIORRIG2.0\DEBUG\VC100.PDB
C:\USERS\EILEEN MAZZOCHETTE\DOCUMENTS\VISUAL STUDIO 2010\PROJECTS\BEHAVIORRIG2.0\BEHAVIORRIG2.0\DEBUG\WORM.OBJ
C:\USERS\EILEEN MAZZOCHETTE\DOCUMENTS\VISUAL STUDIO 2010\PROJECTS\BEHAVIORRIG2.0\BEHAVIORRIG2.0\DEBUG\ZABER.OBJ
C:\USERS\EILEEN MAZZOCHETTE\DOCUMENTS\VISUAL STUDIO 2010\PROJECTS\BEHAVIORRIG2.0\DEBUG\BEHAVIORRIG2.0.EXE
C:\USERS\EILEEN MAZZOCHETTE\DOCUMENTS\VISUAL STUDIO 2010\PROJECTS\BEHAVIORRIG2.0\DEBUG\BEHAVIORRIG2.0.ILK
C:\USERS\EILEEN MAZZOCHETTE\DOCUMENTS\VISUAL STUDIO 2010\PROJECTS\BEHAVIORRIG2.0\DEBUG\BEHAVIORRIG2.0.PDB
