C:\USERS\EILEEN MAZZOCHETTE\DOCUMENTS\VISUAL STUDIO 2010\PROJECTS\BEHAVIORRIG2.0\BEHAVIORRIG2.0\RELEASE\.NETFRAMEWORK,VERSION=V4.0.ASSEMBLYATTRIBUTES.OBJ
C:\USERS\EILEEN MAZZOCHETTE\DOCUMENTS\VISUAL STUDIO 2010\PROJECTS\BEHAVIORRIG2.0\BEHAVIORRIG2.0\RELEASE\APP.RES
C:\USERS\EILEEN MAZZOCHETTE\DOCUMENTS\VISUAL STUDIO 2010\PROJECTS\BEHAVIORRIG2.0\BEHAVIORRIG2.0\RELEASE\ASSEMBLYINFO.OBJ
C:\USERS\EILEEN MAZZOCHETTE\DOCUMENTS\VISUAL STUDIO 2010\PROJECTS\BEHAVIORRIG2.0\BEHAVIORRIG2.0\RELEASE\BASICEXCEL.OBJ
C:\USERS\EILEEN MAZZOCHETTE\DOCUMENTS\VISUAL STUDIO 2010\PROJECTS\BEHAVIORRIG2.0\BEHAVIORRIG2.0\RELEASE\BEHAVIORRIG2.0.EXE.INTERMEDIATE.MANIFEST
C:\USERS\EILEEN MAZZOCHETTE\DOCUMENTS\VISUAL STUDIO 2010\PROJECTS\BEHAVIORRIG2.0\BEHAVIORRIG2.0\RELEASE\BEHAVIORRIG2.0.OBJ
C:\USERS\EILEEN MAZZOCHETTE\DOCUMENTS\VISUAL STUDIO 2010\PROJECTS\BEHAVIORRIG2.0\BEHAVIORRIG2.0\RELEASE\BEHAVIORRIG2.0.PCH
C:\Users\Eileen Mazzochette\Documents\Visual Studio 2010\Projects\BehaviorRig2.0\BehaviorRig2.0\Release\BehaviorRig2.0.vcxproj.GenerateResource.Cache
C:\Users\Eileen Mazzochette\Documents\Visual Studio 2010\Projects\BehaviorRig2.0\BehaviorRig2.0\Release\BehaviorRig2.0.write.1.tlog
C:\Users\Eileen Mazzochette\Documents\Visual Studio 2010\Projects\BehaviorRig2.0\BehaviorRig2.0\Release\BehaviorRig20.MainForm.resources
C:\Users\Eileen Mazzochette\Documents\Visual Studio 2010\Projects\BehaviorRig2.0\BehaviorRig2.0\Release\BehaviorRig20.PostExperimentForm.resources
C:\Users\Eileen Mazzochette\Documents\Visual Studio 2010\Projects\BehaviorRig2.0\BehaviorRig2.0\Release\BehaviorRig20.SetUpForm.resources
C:\Users\Eileen Mazzochette\Documents\Visual Studio 2010\Projects\BehaviorRig2.0\BehaviorRig2.0\Release\cl.command.1.tlog
C:\Users\Eileen Mazzochette\Documents\Visual Studio 2010\Projects\BehaviorRig2.0\BehaviorRig2.0\Release\CL.read.1.tlog
C:\Users\Eileen Mazzochette\Documents\Visual Studio 2010\Projects\BehaviorRig2.0\BehaviorRig2.0\Release\CL.write.1.tlog
C:\USERS\EILEEN MAZZOCHETTE\DOCUMENTS\VISUAL STUDIO 2010\PROJECTS\BEHAVIORRIG2.0\BEHAVIORRIG2.0\RELEASE\DATAMANAGEMENT.OBJ
C:\USERS\EILEEN MAZZOCHETTE\DOCUMENTS\VISUAL STUDIO 2010\PROJECTS\BEHAVIORRIG2.0\BEHAVIORRIG2.0\RELEASE\EXCELFORMAT.OBJ
C:\USERS\EILEEN MAZZOCHETTE\DOCUMENTS\VISUAL STUDIO 2010\PROJECTS\BEHAVIORRIG2.0\BEHAVIORRIG2.0\RELEASE\EXCELINTERFACE.OBJ
C:\USERS\EILEEN MAZZOCHETTE\DOCUMENTS\VISUAL STUDIO 2010\PROJECTS\BEHAVIORRIG2.0\BEHAVIORRIG2.0\RELEASE\EXPERIMENT.OBJ
C:\USERS\EILEEN MAZZOCHETTE\DOCUMENTS\VISUAL STUDIO 2010\PROJECTS\BEHAVIORRIG2.0\BEHAVIORRIG2.0\RELEASE\IMAGECONTROL.OBJ
C:\Users\Eileen Mazzochette\Documents\Visual Studio 2010\Projects\BehaviorRig2.0\BehaviorRig2.0\Release\link.command.1.tlog
C:\Users\Eileen Mazzochette\Documents\Visual Studio 2010\Projects\BehaviorRig2.0\BehaviorRig2.0\Release\link.read.1.tlog
C:\Users\Eileen Mazzochette\Documents\Visual Studio 2010\Projects\BehaviorRig2.0\BehaviorRig2.0\Release\link.write.1.tlog
C:\Users\Eileen Mazzochette\Documents\Visual Studio 2010\Projects\BehaviorRig2.0\BehaviorRig2.0\Release\link-cvtres.read.1.tlog
C:\Users\Eileen Mazzochette\Documents\Visual Studio 2010\Projects\BehaviorRig2.0\BehaviorRig2.0\Release\link-cvtres.write.1.tlog
C:\Users\Eileen Mazzochette\Documents\Visual Studio 2010\Projects\BehaviorRig2.0\BehaviorRig2.0\Release\metagen.read.1.tlog
C:\Users\Eileen Mazzochette\Documents\Visual Studio 2010\Projects\BehaviorRig2.0\BehaviorRig2.0\Release\metagen.write.1.tlog
C:\Users\Eileen Mazzochette\Documents\Visual Studio 2010\Projects\BehaviorRig2.0\BehaviorRig2.0\Release\mt.command.1.tlog
C:\Users\Eileen Mazzochette\Documents\Visual Studio 2010\Projects\BehaviorRig2.0\BehaviorRig2.0\Release\mt.read.1.tlog
C:\Users\Eileen Mazzochette\Documents\Visual Studio 2010\Projects\BehaviorRig2.0\BehaviorRig2.0\Release\mt.write.1.tlog
C:\USERS\EILEEN MAZZOCHETTE\DOCUMENTS\VISUAL STUDIO 2010\PROJECTS\BEHAVIORRIG2.0\BEHAVIORRIG2.0\RELEASE\POSTEXPERIMENTFORM.OBJ
C:\Users\Eileen Mazzochette\Documents\Visual Studio 2010\Projects\BehaviorRig2.0\BehaviorRig2.0\Release\rc.command.1.tlog
C:\Users\Eileen Mazzochette\Documents\Visual Studio 2010\Projects\BehaviorRig2.0\BehaviorRig2.0\Release\rc.read.1.tlog
C:\Users\Eileen Mazzochette\Documents\Visual Studio 2010\Projects\BehaviorRig2.0\BehaviorRig2.0\Release\rc.write.1.tlog
C:\Users\Eileen Mazzochette\Documents\Visual Studio 2010\Projects\BehaviorRig2.0\BehaviorRig2.0\Release\RSAENH.DLL.bi
C:\USERS\EILEEN MAZZOCHETTE\DOCUMENTS\VISUAL STUDIO 2010\PROJECTS\BEHAVIORRIG2.0\BEHAVIORRIG2.0\RELEASE\SETUPFORM.OBJ
C:\USERS\EILEEN MAZZOCHETTE\DOCUMENTS\VISUAL STUDIO 2010\PROJECTS\BEHAVIORRIG2.0\BEHAVIORRIG2.0\RELEASE\STDAFX.OBJ
C:\USERS\EILEEN MAZZOCHETTE\DOCUMENTS\VISUAL STUDIO 2010\PROJECTS\BEHAVIORRIG2.0\BEHAVIORRIG2.0\RELEASE\STIMULUS.OBJ
C:\USERS\EILEEN MAZZOCHETTE\DOCUMENTS\VISUAL STUDIO 2010\PROJECTS\BEHAVIORRIG2.0\BEHAVIORRIG2.0\RELEASE\STM CONVERT.OBJ
C:\USERS\EILEEN MAZZOCHETTE\DOCUMENTS\VISUAL STUDIO 2010\PROJECTS\BEHAVIORRIG2.0\BEHAVIORRIG2.0\RELEASE\STM_COMMUNICATOR.OBJ
C:\USERS\EILEEN MAZZOCHETTE\DOCUMENTS\VISUAL STUDIO 2010\PROJECTS\BEHAVIORRIG2.0\BEHAVIORRIG2.0\RELEASE\STMDISPATCH.OBJ
C:\USERS\EILEEN MAZZOCHETTE\DOCUMENTS\VISUAL STUDIO 2010\PROJECTS\BEHAVIORRIG2.0\BEHAVIORRIG2.0\RELEASE\STMSESSION.OBJ
C:\USERS\EILEEN MAZZOCHETTE\DOCUMENTS\VISUAL STUDIO 2010\PROJECTS\BEHAVIORRIG2.0\BEHAVIORRIG2.0\RELEASE\TICTOC.OBJ
C:\USERS\EILEEN MAZZOCHETTE\DOCUMENTS\VISUAL STUDIO 2010\PROJECTS\BEHAVIORRIG2.0\BEHAVIORRIG2.0\RELEASE\TIMING.OBJ
C:\Users\Eileen Mazzochette\Documents\Visual Studio 2010\Projects\BehaviorRig2.0\BehaviorRig2.0\Release\TZRES.DLL.bi
C:\USERS\EILEEN MAZZOCHETTE\DOCUMENTS\VISUAL STUDIO 2010\PROJECTS\BEHAVIORRIG2.0\BEHAVIORRIG2.0\RELEASE\VC100.PDB
C:\USERS\EILEEN MAZZOCHETTE\DOCUMENTS\VISUAL STUDIO 2010\PROJECTS\BEHAVIORRIG2.0\BEHAVIORRIG2.0\RELEASE\WORM.OBJ
C:\USERS\EILEEN MAZZOCHETTE\DOCUMENTS\VISUAL STUDIO 2010\PROJECTS\BEHAVIORRIG2.0\BEHAVIORRIG2.0\RELEASE\ZABER.OBJ
C:\USERS\EILEEN MAZZOCHETTE\DOCUMENTS\VISUAL STUDIO 2010\PROJECTS\BEHAVIORRIG2.0\RELEASE\BEHAVIORRIG2.0.EXE
C:\USERS\EILEEN MAZZOCHETTE\DOCUMENTS\VISUAL STUDIO 2010\PROJECTS\BEHAVIORRIG2.0\RELEASE\BEHAVIORRIG2.0.PDB
